This file contains any messages produced by compilers while
running configure, to aid debugging if configure makes a mistake.

It was created by configure, which was
generated by GNU Autoconf 2.61.  Invocation command line was

  $ /Users/mark/Desktop/faad/faad/configure --enable-static --with-pic --prefix=/Users/mark/Desktop/faad/thin-faad/x86_64 --disable-shared --without-mp4v2

## --------- ##
## Platform. ##
## --------- ##

hostname = Mac
uname -m = x86_64
uname -r = 17.2.0
uname -s = Darwin
uname -v = Darwin Kernel Version 17.2.0: Fri Sep 29 18:27:05 PDT 2017; root:xnu-4570.20.62~3/RELEASE_X86_64

/usr/bin/uname -p = i386
/bin/uname -X     = unknown

/bin/arch              = unknown
/usr/bin/arch -k       = unknown
/usr/convex/getsysinfo = unknown
/usr/bin/hostinfo      = Mach kernel version:
	 Darwin Kernel Version 17.2.0: Fri Sep 29 18:27:05 PDT 2017; root:xnu-4570.20.62~3/RELEASE_X86_64
Kernel configured for up to 4 processors.
2 processors are physically available.
4 processors are logically available.
Processor type: x86_64h (Intel x86-64h Haswell)
Processors active: 0 1 2 3
Primary memory available: 8.00 gigabytes
Default processor set: 368 tasks, 1666 threads, 4 processors
Load average: 3.02, Mach factor: 1.46
/bin/machine           = unknown
/usr/bin/oslevel       = unknown
/bin/universe          = unknown

PATH: /Users/mark/developer/apache/apache-tomcat-8.5.15
PATH: /usr/local/Cellar/php56/5.6.27_4/bin
PATH: /usr/local/sbin
PATH: /opt/theos/bin
PATH: /Users/mark/developer/tools/shells/iOS_analysis
PATH: /Users/mark/developer/tools/shells
PATH: /Users/mark/workspace/gamework/cocos2d-x-3.7/templates
PATH: /Users/mark/developer/apache/apache-ant-1.10.1/bin
PATH: /Users/mark/workspace/gamework/cocos2d-x-3.7/tools/cocos2d-console/bin
PATH: /Library/Java/JavaVirtualMachines/jdk1.8.0_112.jdk/Contents/Home/bin
PATH: /Users/mark/developer/android/android-sdk/platform-tools
PATH: /Users/mark/developer/android/android-sdk/tools
PATH: /Users/mark/developer/android/android-ndk-r14b
PATH: /Users/mark/developer/android/android-ndk-r14b/toolchains/arm-linux-androideabi-4.9//prebuilt/darwin-x86_64/bin
PATH: /Users/mark/developer/apache/apache-maven-3.3.9/bin
PATH: /Users/mark/developer/apache/apache-tomcat-8.5.15/bin
PATH: /Users/mark/workspace/cacwork/miniclip/svn/code/client/pool/Tools/proto
PATH: /Users/mark/developer/android/android-sdk/build-tools/21.0.2
PATH: /Users/mark/developer/Erlang/rebar
PATH: /Users/mark/developer/tools
PATH: /Users/mark/developer/tools/gradle-2.3/bin
PATH: /usr/local/bin
PATH: /usr/bin
PATH: /bin
PATH: /usr/sbin
PATH: /sbin
PATH: /Applications/Wireshark.app/Contents/MacOS


## ----------- ##
## Core tests. ##
## ----------- ##

configure:1975: checking for a BSD-compatible install
configure:2031: result: /usr/bin/install -c
configure:2042: checking whether build environment is sane
configure:2085: result: yes
configure:2150: checking for gawk
configure:2166: found /usr/local/bin/gawk
configure:2177: result: gawk
configure:2188: checking whether make sets $(MAKE)
configure:2209: result: yes
configure:2472: checking build system type
configure:2490: result: i386-apple-darwin17.2.0
configure:2512: checking host system type
configure:2527: result: i386-apple-darwin17.2.0
configure:2561: checking for style of include used by make
configure:2589: result: GNU
configure:2662: checking for gcc
configure:2689: result: xcrun -sdk iphonesimulator clang -Wno-error=unused-command-line-argument-hard-error-in-future
configure:2927: checking for C compiler version
configure:2934: xcrun -sdk iphonesimulator clang -Wno-error=unused-command-line-argument-hard-error-in-future --version >&5
Apple LLVM version 9.0.0 (clang-900.0.39.2)
Target: x86_64-apple-darwin17.2.0
Thread model: posix
InstalledDir: /Applications/Xcode.app/Contents/Developer/Toolchains/XcodeDefault.xctoolchain/usr/bin
configure:2937: $? = 0
configure:2944: xcrun -sdk iphonesimulator clang -Wno-error=unused-command-line-argument-hard-error-in-future -v >&5
Apple LLVM version 9.0.0 (clang-900.0.39.2)
Target: x86_64-apple-darwin17.2.0
Thread model: posix
InstalledDir: /Applications/Xcode.app/Contents/Developer/Toolchains/XcodeDefault.xctoolchain/usr/bin
clang: warning: argument unused during compilation: '-Wno-error=unused-command-line-argument-hard-error-in-future' [-Wunused-command-line-argument]
configure:2947: $? = 0
configure:2954: xcrun -sdk iphonesimulator clang -Wno-error=unused-command-line-argument-hard-error-in-future -V >&5
clang: error: argument to '-V' is missing (expected 1 value)
clang: error: no input files
configure:2957: $? = 1
configure:2980: checking for C compiler default output file name
configure:3007: xcrun -sdk iphonesimulator clang -Wno-error=unused-command-line-argument-hard-error-in-future -arch x86_64 -mios-simulator-version-min=7.0 -arch x86_64 -mios-simulator-version-min=7.0 -arch x86_64 -mios-simulator-version-min=7.0 conftest.c  >&5
warning: unknown warning option '-Werror=unused-command-line-argument-hard-error-in-future'; did you mean '-Werror=unused-command-line-argument'? [-Wunknown-warning-option]
1 warning generated.
configure:3010: $? = 0
configure:3048: result: a.out
configure:3065: checking whether the C compiler works
configure:3075: ./a.out
dyld: mach-o, but built for simulator (not macOS)
/Users/mark/Desktop/faad/faad/configure: line 3076: 23239 Abort trap: 6           ./$ac_file
configure:3078: $? = 134
configure:3087: error: cannot run C compiled programs.
If you meant to cross compile, use `--host'.
See `config.log' for more details.

## ---------------- ##
## Cache variables. ##
## ---------------- ##

ac_cv_build=i386-apple-darwin17.2.0
ac_cv_env_CCC_set=
ac_cv_env_CCC_value=
ac_cv_env_CC_set=set
ac_cv_env_CC_value='xcrun -sdk iphonesimulator clang -Wno-error=unused-command-line-argument-hard-error-in-future'
ac_cv_env_CFLAGS_set=set
ac_cv_env_CFLAGS_value='-arch x86_64 -mios-simulator-version-min=7.0'
ac_cv_env_CPPFLAGS_set=set
ac_cv_env_CPPFLAGS_value='-arch x86_64 -mios-simulator-version-min=7.0'
ac_cv_env_CPP_set=
ac_cv_env_CPP_value=
ac_cv_env_CXXCPP_set=
ac_cv_env_CXXCPP_value=
ac_cv_env_CXXFLAGS_set=set
ac_cv_env_CXXFLAGS_value='-arch x86_64 -mios-simulator-version-min=7.0'
ac_cv_env_CXX_set=set
ac_cv_env_CXX_value='xcrun -sdk iphonesimulator clang -Wno-error=unused-command-line-argument-hard-error-in-future'
ac_cv_env_F77_set=
ac_cv_env_F77_value=
ac_cv_env_FFLAGS_set=
ac_cv_env_FFLAGS_value=
ac_cv_env_LDFLAGS_set=set
ac_cv_env_LDFLAGS_value='-arch x86_64 -mios-simulator-version-min=7.0'
ac_cv_env_LIBS_set=
ac_cv_env_LIBS_value=
ac_cv_env_build_alias_set=
ac_cv_env_build_alias_value=
ac_cv_env_host_alias_set=
ac_cv_env_host_alias_value=
ac_cv_env_target_alias_set=
ac_cv_env_target_alias_value=
ac_cv_host=i386-apple-darwin17.2.0
ac_cv_path_install='/usr/bin/install -c'
ac_cv_prog_AWK=gawk
ac_cv_prog_ac_ct_CC='xcrun -sdk iphonesimulator clang -Wno-error=unused-command-line-argument-hard-error-in-future'
ac_cv_prog_make_make_set=yes

## ----------------- ##
## Output variables. ##
## ----------------- ##

ACLOCAL='${SHELL} /Users/mark/Desktop/faad/faad/missing --run aclocal-1.9'
AMDEPBACKSLASH='\'
AMDEP_FALSE='#'
AMDEP_TRUE=''
AMTAR='${SHELL} /Users/mark/Desktop/faad/faad/missing --run tar'
AR=''
AUTOCONF='${SHELL} /Users/mark/Desktop/faad/faad/missing --run autoconf'
AUTOHEADER='${SHELL} /Users/mark/Desktop/faad/faad/missing --run autoheader'
AUTOMAKE='${SHELL} /Users/mark/Desktop/faad/faad/missing --run automake-1.9'
AWK='gawk'
CC='xcrun -sdk iphonesimulator clang -Wno-error=unused-command-line-argument-hard-error-in-future'
CCDEPMODE=''
CFLAGS='-arch x86_64 -mios-simulator-version-min=7.0'
CPP=''
CPPFLAGS='-arch x86_64 -mios-simulator-version-min=7.0'
CXX='xcrun -sdk iphonesimulator clang -Wno-error=unused-command-line-argument-hard-error-in-future'
CXXCPP=''
CXXDEPMODE=''
CXXFLAGS='-arch x86_64 -mios-simulator-version-min=7.0'
CYGPATH_W='echo'
DEFS=''
DEPDIR='.deps'
ECHO='/bin/echo'
ECHO_C='ECHO_N=''
ECHO_T=''
EGREP=''
EXEEXT=''
F77=''
FFLAGS=''
GREP=''
GTK_CONFIG=''
HAVE_MPEG4IP_PLUG_FALSE=''
HAVE_MPEG4IP_PLUG_TRUE=''
HAVE_XMMS_FALSE=''
HAVE_XMMS_TRUE=''
INSTALL_DATA='${INSTALL} -m 644'
INSTALL_PROGRAM='${INSTALL}'
INSTALL_SCRIPT='${INSTALL}'
INSTALL_STRIP_PROGRAM='${SHELL} $(install_sh) -c -s'
LDFLAGS='-arch x86_64 -mios-simulator-version-min=7.0'
LIBOBJS=''
LIBS=''
LIBTOOL=''
LIBTOOL_DEPS=''
LN_S=''
LTLIBOBJS=''
MAKEINFO='${SHELL} /Users/mark/Desktop/faad/faad/missing --run makeinfo'
MP4FF_LIBS=''
OBJEXT=''
PACKAGE='faad2'
PACKAGE_BUGREPORT=''
PACKAGE_NAME=''
PACKAGE_STRING=''
PACKAGE_TARNAME=''
PACKAGE_VERSION=''
PATH_SEPARATOR=':'
RANLIB=''
RPMBUILD=''
SET_MAKE=''
SHELL='/bin/sh'
STRIP=''
VERSION='2.7.0'
XMMS_CONFIG=''
ac_ct_CC='xcrun -sdk iphonesimulator clang -Wno-error=unused-command-line-argument-hard-error-in-future'
ac_ct_CXX=''
ac_ct_F77=''
am__fastdepCC_FALSE=''
am__fastdepCC_TRUE=''
am__fastdepCXX_FALSE=''
am__fastdepCXX_TRUE=''
am__include='include'
am__leading_dot='.'
am__quote=''
am__tar='${AMTAR} chof - "$$tardir"'
am__untar='${AMTAR} xf -'
bindir='${exec_prefix}/bin'
build='i386-apple-darwin17.2.0'
build_alias=''
build_cpu='i386'
build_os='darwin17.2.0'
build_vendor='apple'
datadir='${datarootdir}'
datarootdir='${prefix}/share'
docdir='${datarootdir}/doc/${PACKAGE}'
dvidir='${docdir}'
exec_prefix='NONE'
external_mp4v2=''
host='i386-apple-darwin17.2.0'
host_alias=''
host_cpu='i386'
host_os='darwin17.2.0'
host_vendor='apple'
htmldir='${docdir}'
includedir='${prefix}/include'
infodir='${datarootdir}/info'
install_sh='/Users/mark/Desktop/faad/faad/install-sh'
libdir='${exec_prefix}/lib'
libexecdir='${exec_prefix}/libexec'
localedir='${datarootdir}/locale'
localstatedir='${prefix}/var'
mandir='${datarootdir}/man'
mkdir_p='$(install_sh) -d'
oldincludedir='/usr/include'
pdfdir='${docdir}'
prefix='/Users/mark/Desktop/faad/thin-faad/x86_64'
program_transform_name='s,x,x,'
psdir='${docdir}'
sbindir='${exec_prefix}/sbin'
sharedstatedir='${prefix}/com'
sysconfdir='${prefix}/etc'
target_alias=''

## ----------- ##
## confdefs.h. ##
## ----------- ##

#define PACKAGE_NAME ""
#define PACKAGE_TARNAME ""
#define PACKAGE_VERSION ""
#define PACKAGE_STRING ""
#define PACKAGE_BUGREPORT ""
#define PACKAGE "faad2"
#define VERSION "2.7.0"

configure: exit 1
